<?xml version="1.0" encoding="UTF-8"?>
<!-- Generated by org.testng.reporters.JUnitXMLReporter -->
<testsuite ignored="1" hostname="Harika" failures="0" tests="1" name="Error Validation Test" time="32.815" errors="0" timestamp="2023-10-02T13:58:31 IST">
  <testcase classname="Automation.MavenProject2023.ErrorValidations" name="errorValidationPage" time="1.544"/>
  <testcase classname="Automation.MavenProject2023.ErrorValidations" name="productErrorValidations" time="0.0">
    <ignored/>
  </testcase> <!-- productErrorValidations -->
</testsuite> <!-- Error Validation Test -->
