<?xml version="1.0" encoding="UTF-8"?>
<!-- Generated by org.testng.reporters.JUnitXMLReporter -->
<testsuite ignored="2" hostname="Harika" failures="0" tests="0" time="0.021" errors="0" timestamp="2023-10-02T13:57:58 IST">
  <testcase classname="Automation.MavenProject2023.Submitorder" name="submitorder" time="0.0">
    <ignored/>
  </testcase> <!-- submitorder -->
  <testcase classname="Automation.MavenProject2023.Submitorder" name="orderHistoryTest" time="0.0">
    <ignored/>
  </testcase> <!-- orderHistoryTest -->
</testsuite>
