<?xml version="1.0" encoding="UTF-8"?>
<testng-results ignored="3" total="4" passed="1" failed="0" skipped="0">
  <reporter-output>
  </reporter-output>
  <suite started-at="2023-10-02T13:57:58 IST" name="Suite" finished-at="2023-10-02T13:58:31 IST" duration-ms="32929">
    <groups>
      <group name="ErrorHandling">
        <method signature="ErrorValidations.errorValidationPage()[pri:0, instance:Automation.MavenProject2023.ErrorValidations@1d9b7cce]" name="errorValidationPage" class="Automation.MavenProject2023.ErrorValidations"/>
      </group> <!-- ErrorHandling -->
    </groups>
    <test started-at="2023-10-02T13:57:58 IST" name="Submit Order Test" finished-at="2023-10-02T13:57:58 IST" duration-ms="21">
    </test> <!-- Submit Order Test -->
    <test started-at="2023-10-02T13:57:58 IST" name="Error Validation Test" finished-at="2023-10-02T13:58:31 IST" duration-ms="32815">
      <class name="Automation.MavenProject2023.ErrorValidations">
        <test-method is-config="true" signature="launchApplication()[pri:0, instance:Automation.MavenProject2023.ErrorValidations@1d9b7cce]" started-at="2023-10-02T13:57:58 IST" name="launchApplication" finished-at="2023-10-02T13:58:29 IST" duration-ms="31014" status="PASS">
          <reporter-output>
          </reporter-output>
        </test-method> <!-- launchApplication -->
        <test-method signature="errorValidationPage()[pri:0, instance:Automation.MavenProject2023.ErrorValidations@1d9b7cce]" started-at="2023-10-02T13:58:29 IST" name="errorValidationPage" finished-at="2023-10-02T13:58:31 IST" duration-ms="1544" status="PASS">
          <reporter-output>
          </reporter-output>
        </test-method> <!-- errorValidationPage -->
        <test-method is-config="true" signature="teardown()[pri:0, instance:Automation.MavenProject2023.ErrorValidations@1d9b7cce]" started-at="2023-10-02T13:58:31 IST" name="teardown" finished-at="2023-10-02T13:58:31 IST" duration-ms="211" status="PASS">
          <reporter-output>
          </reporter-output>
        </test-method> <!-- teardown -->
      </class> <!-- Automation.MavenProject2023.ErrorValidations -->
    </test> <!-- Error Validation Test -->
  </suite> <!-- Suite -->
</testng-results>
